<?xml version="1.0" encoding="UTF-8" ?>
<testsuite errors="1" failures="2" hostname="USD1600636" name="hello_world.HelloControllerSpec" tests="17" time="4.268" timestamp="2017-05-31T17:37:20">
  <properties />
  <testcase classname="hello_world.HelloControllerSpec" name="test try log in success" time="2.296" />
  <testcase classname="hello_world.HelloControllerSpec" name="test try log in failure" time="0.071" />
  <testcase classname="hello_world.HelloControllerSpec" name="test try register success" time="0.087" />
  <testcase classname="hello_world.HelloControllerSpec" name="test try register failure" time="0.07" />
  <testcase classname="hello_world.HelloControllerSpec" name="test getData loggedIn empytData" time="0.081" />
  <testcase classname="hello_world.HelloControllerSpec" name="test getData logged in has data" time="0.121">
    <error message="Cannot get property &apos;username&apos; on null object" type="java.lang.NullPointerException">java.lang.NullPointerException: Cannot get property &apos;username&apos; on null object
	at hello_world.HelloControllerSpec.test getData logged in has data(HelloControllerSpec.groovy:87)
</error>
  </testcase>
  <testcase classname="hello_world.HelloControllerSpec" name="test getData logged out" time="0.09" />
  <testcase classname="hello_world.HelloControllerSpec" name="test tryRegister failure" time="0.229">
    <failure message="Condition not satisfied:&#xa;&#xa;response.json[&quot;status&quot;] == &quot;Failed to create account.&quot;&#xa;|        |   |          |&#xa;|        |   |          false&#xa;|        |   |          19 differences (24% similarity)&#xa;|        |   |          (Username-) (al)rea(dy) (t)a(ke--)n(-).&#xa;|        |   |          (Failed to) (c-)rea(te) (-)a(ccou)n(t).&#xa;|        |   Username already taken.&#xa;|        [status:Username already taken.]&#xa;org.codehaus.groovy.grails.plugins.testing.GrailsMockHttpServletResponse@2a8dd942&#xa;" type="junit.framework.AssertionFailedError">junit.framework.AssertionFailedError: Condition not satisfied:

response.json[&quot;status&quot;] == &quot;Failed to create account.&quot;
|        |   |          |
|        |   |          false
|        |   |          19 differences (24% similarity)
|        |   |          (Username-) (al)rea(dy) (t)a(ke--)n(-).
|        |   |          (Failed to) (c-)rea(te) (-)a(ccou)n(t).
|        |   Username already taken.
|        [status:Username already taken.]
org.codehaus.groovy.grails.plugins.testing.GrailsMockHttpServletResponse@2a8dd942

	at hello_world.HelloControllerSpec.test tryRegister failure(HelloControllerSpec.groovy:110)
</failure>
  </testcase>
  <testcase classname="hello_world.HelloControllerSpec" name="test tryRegister success" time="0.233" />
  <testcase classname="hello_world.HelloControllerSpec" name="test logout already logged in" time="0.103" />
  <testcase classname="hello_world.HelloControllerSpec" name="test logout not logged in" time="0.057" />
  <testcase classname="hello_world.HelloControllerSpec" name="test addPassword success" time="0.108" />
  <testcase classname="hello_world.HelloControllerSpec" name="test addPassword failure" time="0.096">
    <failure message="Condition not satisfied:&#xa;&#xa;response.json[&quot;status&quot;] == &quot;error: could not add Password Entry.&quot;&#xa;|        |   |          |&#xa;|        |   |          false&#xa;|        |   |          54 differences (37% similarity)&#xa;|        |   |          (E)rror: could not add (p)assword(.) (Check you do )n(o)t( al)r(ead)y( have this account listed above).&#xa;|        |   |          (e)rror: could not add (P)assword(-) (E------------)n(-)t(---)r(---)y(-------------------------------).&#xa;|        |   Error: could not add password. Check you do not already have this account listed above.&#xa;|        [status:Error: could not add password. Check you do not already have this account listed above.]&#xa;org.codehaus.groovy.grails.plugins.testing.GrailsMockHttpServletResponse@37d28938&#xa;" type="junit.framework.AssertionFailedError">junit.framework.AssertionFailedError: Condition not satisfied:

response.json[&quot;status&quot;] == &quot;error: could not add Password Entry.&quot;
|        |   |          |
|        |   |          false
|        |   |          54 differences (37% similarity)
|        |   |          (E)rror: could not add (p)assword(.) (Check you do )n(o)t( al)r(ead)y( have this account listed above).
|        |   |          (e)rror: could not add (P)assword(-) (E------------)n(-)t(---)r(---)y(-------------------------------).
|        |   Error: could not add password. Check you do not already have this account listed above.
|        [status:Error: could not add password. Check you do not already have this account listed above.]
org.codehaus.groovy.grails.plugins.testing.GrailsMockHttpServletResponse@37d28938

	at hello_world.HelloControllerSpec.test addPassword failure(HelloControllerSpec.groovy:169)
</failure>
  </testcase>
  <testcase classname="hello_world.HelloControllerSpec" name="test editPassword success" time="0.211" />
  <testcase classname="hello_world.HelloControllerSpec" name="test editPassword failure" time="0.192" />
  <testcase classname="hello_world.HelloControllerSpec" name="test removePassword success" time="0.128" />
  <testcase classname="hello_world.HelloControllerSpec" name="test removePassword failure" time="0.07" />
  <system-out><![CDATA[--Output from test try log in success--
--Output from test try log in failure--
--Output from test try register success--
--Output from test try register failure--
--Output from test getData loggedIn empytData--
--Output from test getData logged in has data--
--Output from test getData logged out--
--Output from test tryRegister failure--
--Output from test tryRegister success--
--Output from test logout already logged in--
--Output from test logout not logged in--
--Output from test addPassword success--
--Output from test addPassword failure--
--Output from test editPassword success--
--Output from test editPassword failure--
--Output from test removePassword success--
--Output from test removePassword failure--
]]></system-out>
  <system-err><![CDATA[--Output from test try log in success--
--Output from test try log in failure--
--Output from test try register success--
--Output from test try register failure--
--Output from test getData loggedIn empytData--
--Output from test getData logged in has data--
--Output from test getData logged out--
--Output from test tryRegister failure--
--Output from test tryRegister success--
--Output from test logout already logged in--
--Output from test logout not logged in--
--Output from test addPassword success--
--Output from test addPassword failure--
--Output from test editPassword success--
--Output from test editPassword failure--
--Output from test removePassword success--
--Output from test removePassword failure--
]]></system-err>
</testsuite>
